[time] 2017-09-11 17:21:27
[code] 0
[message] Redis Connect Failure
[type] Exception
[file] E:\Projects\m\mixphp\mix1\nosql\Redis.php line 41
[trace] #0 E:\Projects\m\mixphp\mix1\nosql\Redis.php(29): mix\nosql\Redis->connect()
#1 E:\Projects\m\mixphp\mix1\base\Application.php(80): mix\nosql\Redis->init()
#2 E:\Projects\m\application\index\controller\SiteController.php(19): mix\base\Application->__get('redis')
#3 E:\Projects\m\mixphp\mix1\base\Application.php(120): index\controller\SiteController->actionIndex()
#4 E:\Projects\m\mixphp\mix1\web\Application.php(21): mix\base\Application->runAction('GET', '')
#5 E:\Projects\m\application\index\public\index.php(13): mix\web\Application->run()
#6 {main}
$_SERVER
(
    [HTTP_HOST] => www.e.com
    [HTTP_CONNECTION] => keep-alive
    [HTTP_CACHE_CONTROL] => no-cache
    [HTTP_USER_AGENT] => Mozilla/5.0 (Windows NT 6.1; WOW64) AppleWebKit/537.36 (KHTML, like Gecko) Chrome/60.0.3112.101 Safari/537.36
    [HTTP_POSTMAN_TOKEN] => ea770d13-46c6-7e14-e344-75f7594f0961
    [HTTP_ACCEPT] => */*
    [HTTP_ACCEPT_ENCODING] => gzip, deflate
    [HTTP_ACCEPT_LANGUAGE] => zh-CN,zh;q=0.8
    [PATH] => C:\Python27\Lib\site-packages\PyQt4;C:\Python27\;C:\Perl64\site\bin;C:\Perl64\bin;C:\ProgramData\Oracle\Java\javapath;C:\Program Files (x86)\ActiveState Komodo Edit 9\;C:\Windows\system32;C:\Windows;C:\Windows\System32\Wbem;C:\Windows\System32\WindowsPowerShell\v1.0\;C:\Program Files\Microsoft SQL Server\110\Tools\Binn\;C:\Python27;C:\Python27\Scripts;C:\Server\apache24vc11;C:\Server\apache24vc11\bin;C:\Server\php56;C:\Server\php56\ext;D:\Program Files\TortoiseSVN\bin;C:\Program Files\Git\cmd;C:\Server\Redis\;C:\Program Files\TortoiseGit\bin;
    [SystemRoot] => C:\Windows
    [COMSPEC] => C:\Windows\system32\cmd.exe
    [PATHEXT] => .COM;.EXE;.BAT;.CMD;.VBS;.VBE;.JS;.JSE;.WSF;.WSH;.MSC
    [WINDIR] => C:\Windows
    [SERVER_SIGNATURE] => 
    [SERVER_SOFTWARE] => Apache/2.4.25 (Win64) OpenSSL/1.0.2k PHP/5.6.30
    [SERVER_NAME] => www.e.com
    [SERVER_ADDR] => 127.0.0.1
    [SERVER_PORT] => 80
    [REMOTE_ADDR] => 127.0.0.1
    [DOCUMENT_ROOT] => E:/Projects/m/application/index/public
    [REQUEST_SCHEME] => http
    [CONTEXT_PREFIX] => 
    [CONTEXT_DOCUMENT_ROOT] => E:/Projects/m/application/index/public
    [SERVER_ADMIN] => admin@example.com
    [SCRIPT_FILENAME] => E:/Projects/m/application/index/public/index.php
    [REMOTE_PORT] => 62257
    [GATEWAY_INTERFACE] => CGI/1.1
    [SERVER_PROTOCOL] => HTTP/1.1
    [REQUEST_METHOD] => GET
    [QUERY_STRING] => 
    [REQUEST_URI] => /
    [SCRIPT_NAME] => /index.php
    [PHP_SELF] => /index.php
    [REQUEST_TIME_FLOAT] => 1505121686.22
    [REQUEST_TIME] => 1505121686
)
$_GET
(
)
$_POST
(
)

[time] 2017-09-11 17:21:51
[code] 0
[message] Redis Connect Failure
[type] Exception
[file] E:\Projects\m\mixphp\mix1\nosql\Redis.php line 41
[trace] #0 E:\Projects\m\mixphp\mix1\nosql\Redis.php(29): mix\nosql\Redis->connect()
#1 E:\Projects\m\mixphp\mix1\base\Application.php(80): mix\nosql\Redis->init()
#2 E:\Projects\m\application\index\controller\SiteController.php(19): mix\base\Application->__get('redis')
#3 E:\Projects\m\mixphp\mix1\base\Application.php(120): index\controller\SiteController->actionIndex()
#4 E:\Projects\m\mixphp\mix1\web\Application.php(21): mix\base\Application->runAction('GET', '')
#5 E:\Projects\m\application\index\public\index.php(13): mix\web\Application->run()
#6 {main}
$_SERVER
(
    [HTTP_HOST] => www.e.com
    [HTTP_CONNECTION] => keep-alive
    [HTTP_CACHE_CONTROL] => no-cache
    [HTTP_USER_AGENT] => Mozilla/5.0 (Windows NT 6.1; WOW64) AppleWebKit/537.36 (KHTML, like Gecko) Chrome/60.0.3112.101 Safari/537.36
    [HTTP_POSTMAN_TOKEN] => e061ab53-43c8-43a7-9882-42d4df6ab649
    [HTTP_ACCEPT] => */*
    [HTTP_ACCEPT_ENCODING] => gzip, deflate
    [HTTP_ACCEPT_LANGUAGE] => zh-CN,zh;q=0.8
    [PATH] => C:\Python27\Lib\site-packages\PyQt4;C:\Python27\;C:\Perl64\site\bin;C:\Perl64\bin;C:\ProgramData\Oracle\Java\javapath;C:\Program Files (x86)\ActiveState Komodo Edit 9\;C:\Windows\system32;C:\Windows;C:\Windows\System32\Wbem;C:\Windows\System32\WindowsPowerShell\v1.0\;C:\Program Files\Microsoft SQL Server\110\Tools\Binn\;C:\Python27;C:\Python27\Scripts;C:\Server\apache24vc11;C:\Server\apache24vc11\bin;C:\Server\php56;C:\Server\php56\ext;D:\Program Files\TortoiseSVN\bin;C:\Program Files\Git\cmd;C:\Server\Redis\;C:\Program Files\TortoiseGit\bin;
    [SystemRoot] => C:\Windows
    [COMSPEC] => C:\Windows\system32\cmd.exe
    [PATHEXT] => .COM;.EXE;.BAT;.CMD;.VBS;.VBE;.JS;.JSE;.WSF;.WSH;.MSC
    [WINDIR] => C:\Windows
    [SERVER_SIGNATURE] => 
    [SERVER_SOFTWARE] => Apache/2.4.25 (Win64) OpenSSL/1.0.2k PHP/5.6.30
    [SERVER_NAME] => www.e.com
    [SERVER_ADDR] => 127.0.0.1
    [SERVER_PORT] => 80
    [REMOTE_ADDR] => 127.0.0.1
    [DOCUMENT_ROOT] => E:/Projects/m/application/index/public
    [REQUEST_SCHEME] => http
    [CONTEXT_PREFIX] => 
    [CONTEXT_DOCUMENT_ROOT] => E:/Projects/m/application/index/public
    [SERVER_ADMIN] => admin@example.com
    [SCRIPT_FILENAME] => E:/Projects/m/application/index/public/index.php
    [REMOTE_PORT] => 62271
    [GATEWAY_INTERFACE] => CGI/1.1
    [SERVER_PROTOCOL] => HTTP/1.1
    [REQUEST_METHOD] => GET
    [QUERY_STRING] => 
    [REQUEST_URI] => /
    [SCRIPT_NAME] => /index.php
    [PHP_SELF] => /index.php
    [REQUEST_TIME_FLOAT] => 1505121710.126
    [REQUEST_TIME] => 1505121710
)
$_GET
(
)
$_POST
(
)

