[time] 2017-09-30 14:32:06
[code] 8
[message] Undefined index: request_method
[type] mix\exception\ErrorException
[file] E:\projects\m\mixphp\mix1\web\Application.php line 19
[trace] #0 E:\projects\m\mixphp\mix1\web\Application.php(19): mix\web\Error->appError(8, 'Undefined index...', 'E:\\projects\\m\\m...', 19, Array)
#1 E:\projects\m\application\index\public\index.php(11): mix\web\Application->run()
#2 {main}
$_SERVER
(
    [HTTP_HOST] => www.e.com
    [HTTP_CONNECTION] => keep-alive
    [HTTP_UPGRADE_INSECURE_REQUESTS] => 1
    [HTTP_USER_AGENT] => Mozilla/5.0 (Windows NT 6.1; WOW64) AppleWebKit/537.36 (KHTML, like Gecko) Chrome/60.0.3112.101 Safari/537.36
    [HTTP_ACCEPT] => text/html,application/xhtml+xml,application/xml;q=0.9,image/webp,image/apng,*/*;q=0.8
    [HTTP_ACCEPT_ENCODING] => gzip, deflate
    [HTTP_ACCEPT_LANGUAGE] => zh-CN,zh;q=0.8
    [PATH] => C:\Python27\Lib\site-packages\PyQt4;C:\Python27\;C:\Perl64\site\bin;C:\Perl64\bin;C:\ProgramData\Oracle\Java\javapath;C:\Program Files (x86)\ActiveState Komodo Edit 9\;C:\Windows\system32;C:\Windows;C:\Windows\System32\Wbem;C:\Windows\System32\WindowsPowerShell\v1.0\;C:\Program Files\Microsoft SQL Server\110\Tools\Binn\;C:\Python27;C:\Python27\Scripts;C:\Server\apache24vc11;C:\Server\apache24vc11\bin;C:\Server\php56;C:\Server\php56\ext;D:\Program Files\TortoiseSVN\bin;C:\Program Files\Git\cmd;C:\Server\Redis\;C:\Program Files\TortoiseGit\bin;
    [SystemRoot] => C:\Windows
    [COMSPEC] => C:\Windows\system32\cmd.exe
    [PATHEXT] => .COM;.EXE;.BAT;.CMD;.VBS;.VBE;.JS;.JSE;.WSF;.WSH;.MSC
    [WINDIR] => C:\Windows
    [SERVER_SIGNATURE] => 
    [SERVER_SOFTWARE] => Apache/2.4.25 (Win64) OpenSSL/1.0.2k PHP/5.6.30
    [SERVER_NAME] => www.e.com
    [SERVER_ADDR] => 127.0.0.1
    [SERVER_PORT] => 80
    [REMOTE_ADDR] => 127.0.0.1
    [DOCUMENT_ROOT] => E:/projects/m/application/index/public
    [REQUEST_SCHEME] => http
    [CONTEXT_PREFIX] => 
    [CONTEXT_DOCUMENT_ROOT] => E:/projects/m/application/index/public
    [SERVER_ADMIN] => admin@example.com
    [SCRIPT_FILENAME] => E:/projects/m/application/index/public/index.php
    [REMOTE_PORT] => 50488
    [GATEWAY_INTERFACE] => CGI/1.1
    [SERVER_PROTOCOL] => HTTP/1.1
    [REQUEST_METHOD] => GET
    [QUERY_STRING] => 
    [REQUEST_URI] => /
    [SCRIPT_NAME] => /index.php
    [PHP_SELF] => /index.php
    [REQUEST_TIME_FLOAT] => 1506753126.704
    [REQUEST_TIME] => 1506753126
)
$_GET
(
)
$_POST
(
)

[time] 2017-09-30 14:32:06
[code] 1
[message] Call to a member function status() on null
[type] mix\exception\ErrorException
[file] E:\projects\m\mixphp\mix1\swoole\Response.php line 106
[trace] #0 [internal function]: mix\web\Error->appShutdown()
#1 {main}
$_SERVER
(
    [HTTP_HOST] => www.e.com
    [HTTP_CONNECTION] => keep-alive
    [HTTP_UPGRADE_INSECURE_REQUESTS] => 1
    [HTTP_USER_AGENT] => Mozilla/5.0 (Windows NT 6.1; WOW64) AppleWebKit/537.36 (KHTML, like Gecko) Chrome/60.0.3112.101 Safari/537.36
    [HTTP_ACCEPT] => text/html,application/xhtml+xml,application/xml;q=0.9,image/webp,image/apng,*/*;q=0.8
    [HTTP_ACCEPT_ENCODING] => gzip, deflate
    [HTTP_ACCEPT_LANGUAGE] => zh-CN,zh;q=0.8
    [PATH] => C:\Python27\Lib\site-packages\PyQt4;C:\Python27\;C:\Perl64\site\bin;C:\Perl64\bin;C:\ProgramData\Oracle\Java\javapath;C:\Program Files (x86)\ActiveState Komodo Edit 9\;C:\Windows\system32;C:\Windows;C:\Windows\System32\Wbem;C:\Windows\System32\WindowsPowerShell\v1.0\;C:\Program Files\Microsoft SQL Server\110\Tools\Binn\;C:\Python27;C:\Python27\Scripts;C:\Server\apache24vc11;C:\Server\apache24vc11\bin;C:\Server\php56;C:\Server\php56\ext;D:\Program Files\TortoiseSVN\bin;C:\Program Files\Git\cmd;C:\Server\Redis\;C:\Program Files\TortoiseGit\bin;
    [SystemRoot] => C:\Windows
    [COMSPEC] => C:\Windows\system32\cmd.exe
    [PATHEXT] => .COM;.EXE;.BAT;.CMD;.VBS;.VBE;.JS;.JSE;.WSF;.WSH;.MSC
    [WINDIR] => C:\Windows
    [SERVER_SIGNATURE] => 
    [SERVER_SOFTWARE] => Apache/2.4.25 (Win64) OpenSSL/1.0.2k PHP/5.6.30
    [SERVER_NAME] => www.e.com
    [SERVER_ADDR] => 127.0.0.1
    [SERVER_PORT] => 80
    [REMOTE_ADDR] => 127.0.0.1
    [DOCUMENT_ROOT] => E:/projects/m/application/index/public
    [REQUEST_SCHEME] => http
    [CONTEXT_PREFIX] => 
    [CONTEXT_DOCUMENT_ROOT] => E:/projects/m/application/index/public
    [SERVER_ADMIN] => admin@example.com
    [SCRIPT_FILENAME] => E:/projects/m/application/index/public/index.php
    [REMOTE_PORT] => 50488
    [GATEWAY_INTERFACE] => CGI/1.1
    [SERVER_PROTOCOL] => HTTP/1.1
    [REQUEST_METHOD] => GET
    [QUERY_STRING] => 
    [REQUEST_URI] => /
    [SCRIPT_NAME] => /index.php
    [PHP_SELF] => /index.php
    [REQUEST_TIME_FLOAT] => 1506753126.704
    [REQUEST_TIME] => 1506753126
)
$_GET
(
)
$_POST
(
)

[time] 2017-09-30 15:37:43
[code] 1045
[message] SQLSTATE[HY000] [1045] Access denied for user 'root'@'MBSLJD8UNXZBNDE' (using password: YES)
[type] PDOException
[file] E:\projects\m\mixphp\mix1\rdb\Pdo.php line 57
[trace] #0 E:\projects\m\mixphp\mix1\rdb\Pdo.php(57): PDO->__construct('mysql:host=192....', 'root', 'hfwl@2109', Array)
#1 E:\projects\m\mixphp\mix1\rdb\Pdo.php(46): mix\rdb\Pdo->connect()
#2 E:\projects\m\mixphp\mix1\base\Application.php(92): mix\rdb\Pdo->onInitialize()
#3 E:\projects\m\application\index\controller\IndexController.php(17): mix\base\Application->__get('rdb')
#4 E:\projects\m\mixphp\mix1\base\Application.php(132): index\controller\IndexController->actionIndex()
#5 E:\projects\m\mixphp\mix1\web\Application.php(21): mix\base\Application->runAction('GET', '')
#6 E:\projects\m\application\index\public\index.php(11): mix\web\Application->run()
#7 {main}
$_SERVER
(
    [HTTP_HOST] => www.e.com
    [HTTP_CONNECTION] => keep-alive
    [HTTP_CACHE_CONTROL] => max-age=0
    [HTTP_UPGRADE_INSECURE_REQUESTS] => 1
    [HTTP_USER_AGENT] => Mozilla/5.0 (Windows NT 6.1; WOW64) AppleWebKit/537.36 (KHTML, like Gecko) Chrome/60.0.3112.101 Safari/537.36
    [HTTP_ACCEPT] => text/html,application/xhtml+xml,application/xml;q=0.9,image/webp,image/apng,*/*;q=0.8
    [HTTP_ACCEPT_ENCODING] => gzip, deflate
    [HTTP_ACCEPT_LANGUAGE] => zh-CN,zh;q=0.8
    [PATH] => C:\Python27\Lib\site-packages\PyQt4;C:\Python27\;C:\Perl64\site\bin;C:\Perl64\bin;C:\ProgramData\Oracle\Java\javapath;C:\Program Files (x86)\ActiveState Komodo Edit 9\;C:\Windows\system32;C:\Windows;C:\Windows\System32\Wbem;C:\Windows\System32\WindowsPowerShell\v1.0\;C:\Program Files\Microsoft SQL Server\110\Tools\Binn\;C:\Python27;C:\Python27\Scripts;C:\Server\apache24vc11;C:\Server\apache24vc11\bin;C:\Server\php56;C:\Server\php56\ext;D:\Program Files\TortoiseSVN\bin;C:\Program Files\Git\cmd;C:\Server\Redis\;C:\Program Files\TortoiseGit\bin;
    [SystemRoot] => C:\Windows
    [COMSPEC] => C:\Windows\system32\cmd.exe
    [PATHEXT] => .COM;.EXE;.BAT;.CMD;.VBS;.VBE;.JS;.JSE;.WSF;.WSH;.MSC
    [WINDIR] => C:\Windows
    [SERVER_SIGNATURE] => 
    [SERVER_SOFTWARE] => Apache/2.4.25 (Win64) OpenSSL/1.0.2k PHP/5.6.30
    [SERVER_NAME] => www.e.com
    [SERVER_ADDR] => 127.0.0.1
    [SERVER_PORT] => 80
    [REMOTE_ADDR] => 127.0.0.1
    [DOCUMENT_ROOT] => E:/projects/m/application/index/public
    [REQUEST_SCHEME] => http
    [CONTEXT_PREFIX] => 
    [CONTEXT_DOCUMENT_ROOT] => E:/projects/m/application/index/public
    [SERVER_ADMIN] => admin@example.com
    [SCRIPT_FILENAME] => E:/projects/m/application/index/public/index.php
    [REMOTE_PORT] => 56160
    [GATEWAY_INTERFACE] => CGI/1.1
    [SERVER_PROTOCOL] => HTTP/1.1
    [REQUEST_METHOD] => GET
    [QUERY_STRING] => 
    [REQUEST_URI] => /
    [SCRIPT_NAME] => /index.php
    [PHP_SELF] => /index.php
    [REQUEST_TIME_FLOAT] => 1506757063.29
    [REQUEST_TIME] => 1506757063
)
$_GET
(
)
$_POST
(
)

