[time] 2017-09-05 18:10:34
[code] 8
[message] Use of undefined constant dfdfdf - assumed 'dfdfdf'
[type] mix\exception\ErrorException
[file] E:\Projects\m\application\web\controller\SiteController.php line 85
[trace] #0 E:\Projects\m\application\web\controller\SiteController.php(85): mix\web\Error->appError(8, 'Use of undefine...', 'E:\\Projects\\m\\a...', 85, Array)
#1 E:\Projects\m\mixphp\mix1\base\Application.php(124): web\controller\SiteController->actionIndex()
#2 E:\Projects\m\mixphp\mix1\web\Application.php(21): mix\base\Application->runAction('GET', '')
#3 E:\Projects\m\application\web\public\index.php(14): mix\web\Application->run()
#4 {main}
$_SERVER
(
    [HTTP_HOST] => www.e.com
    [HTTP_CONNECTION] => keep-alive
    [HTTP_CACHE_CONTROL] => max-age=0
    [HTTP_UPGRADE_INSECURE_REQUESTS] => 1
    [HTTP_USER_AGENT] => Mozilla/5.0 (Windows NT 6.1; WOW64) AppleWebKit/537.36 (KHTML, like Gecko) Chrome/60.0.3112.101 Safari/537.36
    [HTTP_ACCEPT] => text/html,application/xhtml+xml,application/xml;q=0.9,image/webp,image/apng,*/*;q=0.8
    [HTTP_ACCEPT_ENCODING] => gzip, deflate
    [HTTP_ACCEPT_LANGUAGE] => zh-CN,zh;q=0.8
    [PATH] => C:\Python27\Lib\site-packages\PyQt4;C:\Python27\;C:\Perl64\site\bin;C:\Perl64\bin;C:\ProgramData\Oracle\Java\javapath;C:\Program Files (x86)\ActiveState Komodo Edit 9\;C:\Windows\system32;C:\Windows;C:\Windows\System32\Wbem;C:\Windows\System32\WindowsPowerShell\v1.0\;C:\Program Files\Microsoft SQL Server\110\Tools\Binn\;C:\Python27;C:\Python27\Scripts;C:\Server\apache24vc11;C:\Server\apache24vc11\bin;C:\Server\php56;C:\Server\php56\ext;D:\Program Files\TortoiseSVN\bin;C:\Program Files\Git\cmd;C:\Server\Redis\;C:\Program Files\TortoiseGit\bin;
    [SystemRoot] => C:\Windows
    [COMSPEC] => C:\Windows\system32\cmd.exe
    [PATHEXT] => .COM;.EXE;.BAT;.CMD;.VBS;.VBE;.JS;.JSE;.WSF;.WSH;.MSC
    [WINDIR] => C:\Windows
    [SERVER_SIGNATURE] => 
    [SERVER_SOFTWARE] => Apache/2.4.25 (Win64) OpenSSL/1.0.2k PHP/5.6.30
    [SERVER_NAME] => www.e.com
    [SERVER_ADDR] => 127.0.0.1
    [SERVER_PORT] => 80
    [REMOTE_ADDR] => 127.0.0.1
    [DOCUMENT_ROOT] => E:/Projects/m/application/web/public
    [REQUEST_SCHEME] => http
    [CONTEXT_PREFIX] => 
    [CONTEXT_DOCUMENT_ROOT] => E:/Projects/m/application/web/public
    [SERVER_ADMIN] => admin@example.com
    [SCRIPT_FILENAME] => E:/Projects/m/application/web/public/index.php
    [REMOTE_PORT] => 63388
    [GATEWAY_INTERFACE] => CGI/1.1
    [SERVER_PROTOCOL] => HTTP/1.1
    [REQUEST_METHOD] => GET
    [QUERY_STRING] => 
    [REQUEST_URI] => /
    [SCRIPT_NAME] => /index.php
    [PHP_SELF] => /index.php
    [REQUEST_TIME_FLOAT] => 1504606234.929
    [REQUEST_TIME] => 1504606234
)
$_GET
(
)
$_POST
(
)

